<?xml version="1.0" encoding="UTF-8"?>
<!-- Generated by org.testng.reporters.JUnitXMLReporter -->
<testsuite ignored="0" hostname="peter" failures="0" tests="3" name="Default test" time="23.922" errors="0" timestamp="2021-01-07T12:44:25 PST">
  <testcase classname="WiselyInsure.Gmail_WiselyInsure_Task.Gmail_TestCase" name="Login_valid" time="19.236"/>
  <testcase classname="WiselyInsure.Gmail_WiselyInsure_Task.Gmail_TestCase" name="Logout" time="2.452"/>
  <testcase classname="WiselyInsure.Gmail_WiselyInsure_Task.Gmail_TestCase" name="login_Invalid" time="2.197"/>
</testsuite> <!-- Default test -->
